2021-10-06 20:45:00,808  INFO [main] CommonUtils:62 - utilities.CommonUtils:getConfigProperty 103 ::  Getting value of waitTime from Test Configuration file : 60
2021-10-06 20:45:02,976  INFO [main] TestStepDefinitions:62 - utilities.Driverinitializer:getDriver 18 ::  Browser launched
2021-10-06 20:45:02,983  INFO [main] HomePage:62 - utilities.CommonUtils:getConfigProperty 103 ::  Getting value of url from Test Configuration file : https://www.anz.com.au/personal/home-loans/calculators-tools/much-borrow/
2021-10-06 20:45:10,805  INFO [main] HomePage:62 - utilities.CommonUtils:getConfigProperty 103 ::  Getting value of homePageTitle from Test Configuration file : Home loan borrowing power calculator | ANZ
2021-10-06 20:45:10,806  INFO [main] HomePage:62 - utilities.CommonUtils:verifyPageTitle 74 ::  Verifying Page Title
2021-10-06 20:45:10,814  INFO [main] HomePage:62 - utilities.CommonUtils:getConfigProperty 103 ::  Getting value of url from Test Configuration file : https://www.anz.com.au/personal/home-loans/calculators-tools/much-borrow/
2021-10-06 20:45:10,814  INFO [main] TestStepDefinitions:62 - PageMethods.HomePage:verifyPageLoaded 27 ::  Navigated to the https://www.anz.com.au/personal/home-loans/calculators-tools/much-borrow/ pages
2021-10-06 20:45:11,035  INFO [main] HomePage:62 - utilities.CommonUtils:clickOn 20 ::  Above element Clicked
2021-10-06 20:45:11,224  INFO [main] HomePage:62 - utilities.CommonUtils:clickOn 20 ::  Above element Clicked
2021-10-06 20:45:11,247  INFO [main] HomePage:62 - utilities.CommonUtils:sendValue 34 ::  Sending Value to the Element
2021-10-06 20:45:11,373  INFO [main] HomePage:62 - utilities.CommonUtils:sendValue 34 ::  Sending Value to the Element
2021-10-06 20:45:11,564  INFO [main] HomePage:62 - utilities.CommonUtils:sendValue 34 ::  Sending Value to the Element
2021-10-06 20:45:11,708  INFO [main] HomePage:62 - utilities.CommonUtils:sendValue 34 ::  Sending Value to the Element
2021-10-06 20:45:11,874  INFO [main] HomePage:62 - utilities.CommonUtils:sendValue 34 ::  Sending Value to the Element
2021-10-06 20:45:11,989  INFO [main] HomePage:62 - utilities.CommonUtils:sendValue 34 ::  Sending Value to the Element
2021-10-06 20:45:12,137  INFO [main] HomePage:62 - utilities.CommonUtils:sendValue 34 ::  Sending Value to the Element
2021-10-06 20:45:12,379  INFO [main] HomePage:62 - utilities.CommonUtils:clickOn 20 ::  Above element Clicked
2021-10-06 20:45:12,394  INFO [main] HomePage:62 - utilities.CommonUtils:waitForElement 63 ::  Waiting for element visible
2021-10-06 20:45:14,173  INFO [main] TestStepDefinitions:62 - utilities.Driverinitializer:getDriver 18 ::  Browser launched
2021-10-06 20:45:14,176  INFO [main] HomePage:62 - utilities.CommonUtils:getConfigProperty 103 ::  Getting value of url from Test Configuration file : https://www.anz.com.au/personal/home-loans/calculators-tools/much-borrow/
2021-10-06 20:45:25,054  INFO [main] HomePage:62 - utilities.CommonUtils:getConfigProperty 103 ::  Getting value of homePageTitle from Test Configuration file : Home loan borrowing power calculator | ANZ
2021-10-06 20:45:25,054  INFO [main] HomePage:62 - utilities.CommonUtils:verifyPageTitle 74 ::  Verifying Page Title
2021-10-06 20:45:25,059  INFO [main] HomePage:62 - utilities.CommonUtils:getConfigProperty 103 ::  Getting value of url from Test Configuration file : https://www.anz.com.au/personal/home-loans/calculators-tools/much-borrow/
2021-10-06 20:45:25,060  INFO [main] TestStepDefinitions:62 - PageMethods.HomePage:verifyPageLoaded 27 ::  Navigated to the https://www.anz.com.au/personal/home-loans/calculators-tools/much-borrow/ pages
2021-10-06 20:45:25,139  INFO [main] HomePage:62 - utilities.CommonUtils:clickOn 20 ::  Above element Clicked
2021-10-06 20:45:25,247  INFO [main] HomePage:62 - utilities.CommonUtils:clickOn 20 ::  Above element Clicked
2021-10-06 20:45:25,265  INFO [main] HomePage:62 - utilities.CommonUtils:sendValue 34 ::  Sending Value to the Element
2021-10-06 20:45:25,374  INFO [main] HomePage:62 - utilities.CommonUtils:sendValue 34 ::  Sending Value to the Element
2021-10-06 20:45:25,548  INFO [main] HomePage:62 - utilities.CommonUtils:sendValue 34 ::  Sending Value to the Element
2021-10-06 20:45:25,642  INFO [main] HomePage:62 - utilities.CommonUtils:sendValue 34 ::  Sending Value to the Element
2021-10-06 20:45:25,734  INFO [main] HomePage:62 - utilities.CommonUtils:sendValue 34 ::  Sending Value to the Element
2021-10-06 20:45:25,830  INFO [main] HomePage:62 - utilities.CommonUtils:sendValue 34 ::  Sending Value to the Element
2021-10-06 20:45:25,911  INFO [main] HomePage:62 - utilities.CommonUtils:sendValue 34 ::  Sending Value to the Element
2021-10-06 20:45:26,062  INFO [main] HomePage:62 - utilities.CommonUtils:clickOn 20 ::  Above element Clicked
2021-10-06 20:45:26,076  INFO [main] HomePage:62 - utilities.CommonUtils:waitForElement 63 ::  Waiting for element visible
2021-10-06 20:45:26,112  INFO [main] HomePage:62 - utilities.CommonUtils:isElementDisplayed 43 ::  Verifying element is displayed
2021-10-06 20:45:26,214  INFO [main] HomePage:62 - utilities.CommonUtils:clickOn 20 ::  Above element Clicked
2021-10-06 20:45:26,230  INFO [main] HomePage:62 - utilities.CommonUtils:verifyElementDisapear 110 ::  Waiting for element Invisible
2021-10-06 20:45:26,266  INFO [main] HomePage:62 - utilities.CommonUtils:verifyElementDisapear 110 ::  Waiting for element Invisible
2021-10-06 20:45:26,281 ERROR [main] TestStepDefinitions:46 - PageMethods.HomePage:verifyStartOverButtonClearTheForm 94 ::  failed to Cleared form by using StartOver button
2021-10-06 20:45:31,877  INFO [main] TestStepDefinitions:62 - utilities.Driverinitializer:getDriver 18 ::  Browser launched
2021-10-06 20:45:31,880  INFO [main] HomePage:62 - utilities.CommonUtils:getConfigProperty 103 ::  Getting value of url from Test Configuration file : https://www.anz.com.au/personal/home-loans/calculators-tools/much-borrow/
2021-10-06 20:45:39,803  INFO [main] HomePage:62 - utilities.CommonUtils:getConfigProperty 103 ::  Getting value of homePageTitle from Test Configuration file : Home loan borrowing power calculator | ANZ
2021-10-06 20:45:39,804  INFO [main] HomePage:62 - utilities.CommonUtils:verifyPageTitle 74 ::  Verifying Page Title
2021-10-06 20:45:39,810  INFO [main] HomePage:62 - utilities.CommonUtils:getConfigProperty 103 ::  Getting value of url from Test Configuration file : https://www.anz.com.au/personal/home-loans/calculators-tools/much-borrow/
2021-10-06 20:45:39,811  INFO [main] TestStepDefinitions:62 - PageMethods.HomePage:verifyPageLoaded 27 ::  Navigated to the https://www.anz.com.au/personal/home-loans/calculators-tools/much-borrow/ pages
2021-10-06 20:45:39,913  INFO [main] HomePage:62 - utilities.CommonUtils:sendValue 34 ::  Sending Value to the Element
2021-10-06 20:45:40,182  INFO [main] HomePage:62 - utilities.CommonUtils:clickOn 20 ::  Above element Clicked
2021-10-06 20:45:40,213  INFO [main] HomePage:62 - utilities.CommonUtils:waitForElement 63 ::  Waiting for element visible
2021-10-06 20:45:40,243  INFO [main] HomePage:62 - utilities.CommonUtils:isElementDisplayed 43 ::  Verifying element is displayed
2021-10-06 20:45:40,284  INFO [main] HomePage:62 - utilities.CommonUtils:getConfigProperty 103 ::  Getting value of message from Test Configuration file : Based on the details you've entered, we're unable to give you an estimate of your borrowing power with this calculator. For questions, call us on 1800 100 641.
2021-10-06 20:45:40,285  INFO [main] HomePage:62 - utilities.CommonUtils:getConfigProperty 103 ::  Getting value of message from Test Configuration file : Based on the details you've entered, we're unable to give you an estimate of your borrowing power with this calculator. For questions, call us on 1800 100 641.
